d:\kody\learn-gcc\imgui\simpleimgui\examples\example_win32_directx10\debug\vc143.pdb
d:\kody\learn-gcc\imgui\simpleimgui\examples\example_win32_directx10\debug\vc143.idb
d:\kody\learn-gcc\imgui\simpleimgui\examples\example_win32_directx10\debug\myapp.obj
d:\kody\learn-gcc\imgui\simpleimgui\examples\example_win32_directx10\debug\main.obj
d:\kody\learn-gcc\imgui\simpleimgui\examples\example_win32_directx10\debug\imgui_impl_win32.obj
d:\kody\learn-gcc\imgui\simpleimgui\examples\example_win32_directx10\debug\imgui_impl_dx10.obj
d:\kody\learn-gcc\imgui\simpleimgui\examples\example_win32_directx10\debug\imgui_widgets.obj
d:\kody\learn-gcc\imgui\simpleimgui\examples\example_win32_directx10\debug\imgui_tables.obj
d:\kody\learn-gcc\imgui\simpleimgui\examples\example_win32_directx10\debug\imgui_draw.obj
d:\kody\learn-gcc\imgui\simpleimgui\examples\example_win32_directx10\debug\imgui_demo.obj
d:\kody\learn-gcc\imgui\simpleimgui\examples\example_win32_directx10\debug\imgui.obj
d:\kody\learn-gcc\imgui\simpleimgui\examples\example_win32_directx10\debug\example_win32_directx10.ilk
d:\kody\learn-gcc\imgui\simpleimgui\examples\example_win32_directx10\debug\example_win32_directx10.exe
d:\kody\learn-gcc\imgui\simpleimgui\examples\example_win32_directx10\debug\example_win32_directx10.pdb
d:\kody\learn-gcc\imgui\simpleimgui\examples\example_win32_directx10\debug\example_win32_directx10.vcxproj.filelistabsolute.txt
d:\kody\learn-gcc\imgui\simpleimgui\examples\example_win32_directx10\debug\example_.345a953e.tlog\cl.command.1.tlog
d:\kody\learn-gcc\imgui\simpleimgui\examples\example_win32_directx10\debug\example_.345a953e.tlog\cl.read.1.tlog
d:\kody\learn-gcc\imgui\simpleimgui\examples\example_win32_directx10\debug\example_.345a953e.tlog\cl.write.1.tlog
d:\kody\learn-gcc\imgui\simpleimgui\examples\example_win32_directx10\debug\example_.345a953e.tlog\link.command.1.tlog
d:\kody\learn-gcc\imgui\simpleimgui\examples\example_win32_directx10\debug\example_.345a953e.tlog\link.read.1.tlog
d:\kody\learn-gcc\imgui\simpleimgui\examples\example_win32_directx10\debug\example_.345a953e.tlog\link.write.1.tlog
