d:\kody\learn-gcc\imgui\myapplication\examples\example_win32_directx10\release\vc143.pdb
d:\kody\learn-gcc\imgui\myapplication\examples\example_win32_directx10\release\myapp.obj
d:\kody\learn-gcc\imgui\myapplication\examples\example_win32_directx10\release\main.obj
d:\kody\learn-gcc\imgui\myapplication\examples\example_win32_directx10\release\imgui_impl_win32.obj
d:\kody\learn-gcc\imgui\myapplication\examples\example_win32_directx10\release\imgui_impl_dx10.obj
d:\kody\learn-gcc\imgui\myapplication\examples\example_win32_directx10\release\imgui_widgets.obj
d:\kody\learn-gcc\imgui\myapplication\examples\example_win32_directx10\release\imgui_tables.obj
d:\kody\learn-gcc\imgui\myapplication\examples\example_win32_directx10\release\imgui_draw.obj
d:\kody\learn-gcc\imgui\myapplication\examples\example_win32_directx10\release\imgui_demo.obj
d:\kody\learn-gcc\imgui\myapplication\examples\example_win32_directx10\release\imgui.obj
d:\kody\learn-gcc\imgui\myapplication\examples\example_win32_directx10\release\example_win32_directx10.ipdb
d:\kody\learn-gcc\imgui\myapplication\examples\example_win32_directx10\release\example_win32_directx10.iobj
d:\kody\learn-gcc\imgui\myapplication\examples\example_win32_directx10\release\example_win32_directx10.exe
d:\kody\learn-gcc\imgui\myapplication\examples\example_win32_directx10\release\example_win32_directx10.pdb
d:\kody\learn-gcc\imgui\myapplication\examples\example_win32_directx10\release\example_win32_directx10.vcxproj.filelistabsolute.txt
d:\kody\learn-gcc\imgui\myapplication\examples\example_win32_directx10\release\example_.345a953e.tlog\cl.command.1.tlog
d:\kody\learn-gcc\imgui\myapplication\examples\example_win32_directx10\release\example_.345a953e.tlog\cl.read.1.tlog
d:\kody\learn-gcc\imgui\myapplication\examples\example_win32_directx10\release\example_.345a953e.tlog\cl.write.1.tlog
d:\kody\learn-gcc\imgui\myapplication\examples\example_win32_directx10\release\example_.345a953e.tlog\example_win32_directx10.write.1u.tlog
d:\kody\learn-gcc\imgui\myapplication\examples\example_win32_directx10\release\example_.345a953e.tlog\link.command.1.tlog
d:\kody\learn-gcc\imgui\myapplication\examples\example_win32_directx10\release\example_.345a953e.tlog\link.read.1.tlog
d:\kody\learn-gcc\imgui\myapplication\examples\example_win32_directx10\release\example_.345a953e.tlog\link.write.1.tlog
